[2025-12-01 04:50:07] Client sending to 127.0.0.1:9000
[2025-12-01 04:50:15] SENT | seq=1 retries=0 payload=b'hello'
[2025-12-01 04:50:15] RECEIVED ACK for seq=1
[2025-12-01 04:50:15] Message seq=1 delivered
[2025-12-01 04:50:21] SENT | seq=2 retries=0 payload=b'this is a test!'
[2025-12-01 04:50:21] RECEIVED ACK for seq=2
[2025-12-01 04:50:21] Message seq=2 delivered
[2025-12-01 04:50:28] SENT | seq=3 retries=0 payload=b'wow, so cool!'
[2025-12-01 04:50:29] Error receiving ACK: timed out
[2025-12-01 04:50:29] SENT | seq=3 retries=1 payload=b'wow, so cool!'
[2025-12-01 04:50:30] Error receiving ACK: timed out
[2025-12-01 04:50:30] SENT | seq=3 retries=2 payload=b'wow, so cool!'
[2025-12-01 04:50:31] Error receiving ACK: timed out
[2025-12-01 04:50:31] SENT | seq=3 retries=3 payload=b'wow, so cool!'
[2025-12-01 04:50:31] RECEIVED ACK for seq=3
[2025-12-01 04:50:31] Message seq=3 delivered
[2025-12-01 04:50:36] SENT | seq=4 retries=0 payload=b'SENT'
[2025-12-01 04:50:37] Error receiving ACK: timed out
[2025-12-01 04:50:37] SENT | seq=4 retries=1 payload=b'SENT'
[2025-12-01 04:50:37] RECEIVED ACK for seq=4
[2025-12-01 04:50:37] Message seq=4 delivered
[2025-12-01 04:55:05] Client stopped cleanly.
